<?xml version="1.0" encoding="UTF-8" ?>
<testsuite failures="0" time="8.711" errors="0" skipped="0" tests="6" name="no.uio.intermedia.snomobile.XWikiRestFulServiceTest">
  <properties>
    <property name="java.runtime.name" value="Java(TM) SE Runtime Environment"/>
    <property name="sun.boot.library.path" value="/System/Library/Frameworks/JavaVM.framework/Versions/1.6.0/Libraries"/>
    <property name="java.vm.version" value="16.3-b01-279"/>
    <property name="awt.nativeDoubleBuffering" value="true"/>
    <property name="gopherProxySet" value="false"/>
    <property name="mrj.build" value="10M3065"/>
    <property name="java.vm.vendor" value="Apple Inc."/>
    <property name="java.vendor.url" value="http://www.apple.com/"/>
    <property name="path.separator" value=":"/>
    <property name="java.vm.name" value="Java HotSpot(TM) 64-Bit Server VM"/>
    <property name="file.encoding.pkg" value="sun.io"/>
    <property name="user.country" value="US"/>
    <property name="sun.java.launcher" value="SUN_STANDARD"/>
    <property name="sun.os.patch.level" value="unknown"/>
    <property name="java.vm.specification.name" value="Java Virtual Machine Specification"/>
    <property name="user.dir" value="/Users/jeremyt/projects/durham/ime-snomobile"/>
    <property name="java.runtime.version" value="1.6.0_20-b02-279-10M3065"/>
    <property name="java.awt.graphicsenv" value="apple.awt.CGraphicsEnvironment"/>
    <property name="basedir" value="/Users/jeremyt/projects/durham/ime-snomobile"/>
    <property name="java.endorsed.dirs" value="/System/Library/Frameworks/JavaVM.framework/Versions/1.6.0/Home/lib/endorsed"/>
    <property name="os.arch" value="x86_64"/>
    <property name="surefire.real.class.path" value="/var/folders/wr/wrr-cxzBGCi1pxfzGuybJ++++TI/-Tmp-/surefirebooter6072698765696696463.jar"/>
    <property name="java.io.tmpdir" value="/var/folders/wr/wrr-cxzBGCi1pxfzGuybJ++++TI/-Tmp-/"/>
    <property name="line.separator" value="
"/>
    <property name="java.vm.specification.vendor" value="Sun Microsystems Inc."/>
    <property name="os.name" value="Mac OS X"/>
    <property name="sun.jnu.encoding" value="MacRoman"/>
    <property name="java.library.path" value=".:/Library/Java/Extensions:/System/Library/Java/Extensions:/usr/lib/java"/>
    <property name="surefire.test.class.path" value="/Users/jeremyt/projects/durham/ime-snomobile/target/test-classes:/Users/jeremyt/projects/durham/ime-snomobile/target/classes:/Users/jeremyt/.m2/repository/junit/junit/4.8.1/junit-4.8.1.jar:/Users/jeremyt/.m2/repository/log4j/log4j/1.2.16/log4j-1.2.16.jar:/Users/jeremyt/.m2/repository/com/xpn/xwiki/platform/xwiki-rest/2.3/xwiki-rest-2.3.jar:/Users/jeremyt/.m2/repository/org/restlet/org.restlet/1.1.4/org.restlet-1.1.4.jar:/Users/jeremyt/.m2/repository/org/restlet/org.restlet.ext.jaxrs/1.1.4/org.restlet.ext.jaxrs-1.1.4.jar:/Users/jeremyt/.m2/repository/javax/ws/rs/javax.ws.rs/1.0/javax.ws.rs-1.0.jar:/Users/jeremyt/.m2/repository/javax/activation/activation/1.1/activation-1.1.jar:/Users/jeremyt/.m2/repository/javax/xml/bind/jaxb-api/2.2/jaxb-api-2.2.jar:/Users/jeremyt/.m2/repository/org/json/org.json/2.0/org.json-2.0.jar:/Users/jeremyt/.m2/repository/javax/mail/mail/1.4/mail-1.4.jar:/Users/jeremyt/.m2/repository/commons-fileupload/commons-fileupload/1.2/commons-fileupload-1.2.jar:/Users/jeremyt/.m2/repository/com/noelios/restlet/com.noelios.restlet.ext.servlet/1.1.4/com.noelios.restlet.ext.servlet-1.1.4.jar:/Users/jeremyt/.m2/repository/com/noelios/restlet/com.noelios.restlet/1.1.4/com.noelios.restlet-1.1.4.jar:/Users/jeremyt/.m2/repository/com/xpn/xwiki/platform/xwiki-core/2.3/xwiki-core-2.3.jar:/Users/jeremyt/.m2/repository/exo-platform/exo-platform.container/2.0/exo-platform.container-2.0.jar:/Users/jeremyt/.m2/repository/exo-platform/exo-platform.commons/2.0/exo-platform.commons-2.0.jar:/Users/jeremyt/.m2/repository/exo-platform/exo-platform.service.organization.api/2.0/exo-platform.service.organization.api-2.0.jar:/Users/jeremyt/.m2/repository/exo-platform/exo-platform.service.security.api/2.0/exo-platform.service.security.api-2.0.jar:/Users/jeremyt/.m2/repository/exo-platform/exo-platform.service.database.api/2.0/exo-platform.service.database.api-2.0.jar:/Users/jeremyt/.m2/repository/org/suigeneris/jrcs.diff/0.4.2/jrcs.diff-0.4.2.jar:/Users/jeremyt/.m2/repository/org/suigeneris/jrcs.rcs/0.4.2/jrcs.rcs-0.4.2.jar:/Users/jeremyt/.m2/repository/org/apache/jackrabbit/jackrabbit-core/1.1-xwiki/jackrabbit-core-1.1-xwiki.jar:/Users/jeremyt/.m2/repository/com/google/googleapi/UNKNOWN/googleapi-UNKNOWN-xwiki.jar:/Users/jeremyt/.m2/repository/org/apache/portals/graffito-jcr-mapping/1.0-a1-amelentev-dev/graffito-jcr-mapping-1.0-a1-amelentev-dev.jar:/Users/jeremyt/.m2/repository/javax/transaction/jta/1.0.1B/jta-1.0.1B.jar:/Users/jeremyt/.m2/repository/flickrj/flickrapi/1.0a7/flickrapi-1.0a7.jar:/Users/jeremyt/.m2/repository/com/novell/ldap/jldap/4.3/jldap-4.3.jar:/Users/jeremyt/.m2/repository/jfree/jfreechart/1.0.0-rc1-xwiki/jfreechart-1.0.0-rc1-xwiki.jar:/Users/jeremyt/.m2/repository/jfree/jcommon/1.0.5/jcommon-1.0.5.jar:/Users/jeremyt/.m2/repository/javax/jcr/jcr/1.0/jcr-1.0.jar:/Users/jeremyt/.m2/repository/info/informatica/css4j/0.4.0/css4j-0.4.0.jar:/Users/jeremyt/.m2/repository/info/informatica/jclf/2.3.0/jclf-2.3.0.jar:/Users/jeremyt/.m2/repository/jtidy/jtidy/8.0-20060801.131059-3-dev/jtidy-8.0-20060801.131059-3-dev.jar:/Users/jeremyt/.m2/repository/org/codehaus/swizzle/swizzle-confluence/1.2-20080419/swizzle-confluence-1.2-20080419-xwiki.jar:/Users/jeremyt/.m2/repository/commons-logging/commons-logging/1.0.4/commons-logging-1.0.4.jar:/Users/jeremyt/.m2/repository/commons-lang/commons-lang/2.4/commons-lang-2.4.jar:/Users/jeremyt/.m2/repository/commons-collections/commons-collections/3.2.1/commons-collections-3.2.1.jar:/Users/jeremyt/.m2/repository/commons-io/commons-io/1.4/commons-io-1.4.jar:/Users/jeremyt/.m2/repository/commons-net/commons-net/1.4.1/commons-net-1.4.1.jar:/Users/jeremyt/.m2/repository/oro/oro/2.0.8/oro-2.0.8.jar:/Users/jeremyt/.m2/repository/commons-httpclient/commons-httpclient/3.1/commons-httpclient-3.1.jar:/Users/jeremyt/.m2/repository/commons-codec/commons-codec/1.2/commons-codec-1.2.jar:/Users/jeremyt/.m2/repository/commons-dbcp/commons-dbcp/1.2.1/commons-dbcp-1.2.1.jar:/Users/jeremyt/.m2/repository/commons-pool/commons-pool/1.2/commons-pool-1.2.jar:/Users/jeremyt/.m2/repository/xml-apis/xml-apis/1.3.04/xml-apis-1.3.04.jar:/Users/jeremyt/.m2/repository/xerces/xercesImpl/2.8.1/xercesImpl-2.8.1.jar:/Users/jeremyt/.m2/repository/commons-beanutils/commons-beanutils/1.8.0/commons-beanutils-1.8.0.jar:/Users/jeremyt/.m2/repository/portlet-api/portlet-api/1.0/portlet-api-1.0.jar:/Users/jeremyt/.m2/repository/struts/struts/1.2.9/struts-1.2.9.jar:/Users/jeremyt/.m2/repository/commons-digester/commons-digester/1.6/commons-digester-1.6.jar:/Users/jeremyt/.m2/repository/commons-validator/commons-validator/1.1.4/commons-validator-1.1.4.jar:/Users/jeremyt/.m2/repository/xalan/xalan/2.5.1/xalan-2.5.1.jar:/Users/jeremyt/.m2/repository/radeox/radeox/1.0-b2/radeox-1.0-b2.jar:/Users/jeremyt/.m2/repository/org/hibernate/hibernate/3.2.6.ga/hibernate-3.2.6.ga.jar:/Users/jeremyt/.m2/repository/net/sf/ehcache/ehcache/1.2.3/ehcache-1.2.3.jar:/Users/jeremyt/.m2/repository/asm/asm-attrs/1.5.3/asm-attrs-1.5.3.jar:/Users/jeremyt/.m2/repository/dom4j/dom4j/1.6.1/dom4j-1.6.1.jar:/Users/jeremyt/.m2/repository/antlr/antlr/2.7.6/antlr-2.7.6.jar:/Users/jeremyt/.m2/repository/cglib/cglib/2.1_3/cglib-2.1_3.jar:/Users/jeremyt/.m2/repository/asm/asm/1.5.3/asm-1.5.3.jar:/Users/jeremyt/.m2/repository/securityfilter/securityfilter/2.0/securityfilter-2.0.jar:/Users/jeremyt/.m2/repository/xml-apis/xmlParserAPIs/2.0.2/xmlParserAPIs-2.0.2.jar:/Users/jeremyt/.m2/repository/xpp3/xpp3/1.1.3.4-RC8/xpp3-1.1.3.4-RC8.jar:/Users/jeremyt/.m2/repository/ecs/ecs/1.4.2/ecs-1.4.2.jar:/Users/jeremyt/.m2/repository/javax/xml/jaxrpc-api/1.1/jaxrpc-api-1.1.jar:/Users/jeremyt/.m2/repository/javax/xml/soap/saaj-api/1.3/saaj-api-1.3.jar:/Users/jeremyt/.m2/repository/net/sf/json-lib/json-lib/2.3/json-lib-2.3-jdk15.jar:/Users/jeremyt/.m2/repository/net/sf/ezmorph/ezmorph/1.0.6/ezmorph-1.0.6.jar:/Users/jeremyt/.m2/repository/org/apache/xmlrpc/xmlrpc-common/3.1/xmlrpc-common-3.1.jar:/Users/jeremyt/.m2/repository/org/apache/ws/commons/util/ws-commons-util/1.0.2/ws-commons-util-1.0.2.jar:/Users/jeremyt/.m2/repository/org/apache/xmlrpc/xmlrpc-server/3.1/xmlrpc-server-3.1.jar:/Users/jeremyt/.m2/repository/org/apache/xmlgraphics/fop/0.96-20090504-xwiki/fop-0.96-20090504-xwiki.jar:/Users/jeremyt/.m2/repository/org/apache/xmlgraphics/xmlgraphics-commons/1.4-20090504-xwiki/xmlgraphics-commons-1.4-20090504-xwiki.jar:/Users/jeremyt/.m2/repository/org/apache/xmlgraphics/batik-svg-dom/1.7/batik-svg-dom-1.7.jar:/Users/jeremyt/.m2/repository/org/apache/xmlgraphics/batik-anim/1.7/batik-anim-1.7.jar:/Users/jeremyt/.m2/repository/org/apache/xmlgraphics/batik-awt-util/1.7/batik-awt-util-1.7.jar:/Users/jeremyt/.m2/repository/org/apache/xmlgraphics/batik-util/1.7/batik-util-1.7.jar:/Users/jeremyt/.m2/repository/org/apache/xmlgraphics/batik-dom/1.7/batik-dom-1.7.jar:/Users/jeremyt/.m2/repository/org/apache/xmlgraphics/batik-css/1.7/batik-css-1.7.jar:/Users/jeremyt/.m2/repository/org/apache/xmlgraphics/batik-ext/1.7/batik-ext-1.7.jar:/Users/jeremyt/.m2/repository/xml-apis/xml-apis-ext/1.3.04/xml-apis-ext-1.3.04.jar:/Users/jeremyt/.m2/repository/org/apache/xmlgraphics/batik-xml/1.7/batik-xml-1.7.jar:/Users/jeremyt/.m2/repository/org/apache/xmlgraphics/batik-parser/1.7/batik-parser-1.7.jar:/Users/jeremyt/.m2/repository/org/apache/xmlgraphics/batik-bridge/1.7/batik-bridge-1.7.jar:/Users/jeremyt/.m2/repository/org/apache/xmlgraphics/batik-gvt/1.7/batik-gvt-1.7.jar:/Users/jeremyt/.m2/repository/org/apache/xmlgraphics/batik-script/1.7/batik-script-1.7.jar:/Users/jeremyt/.m2/repository/org/apache/xmlgraphics/batik-transcoder/1.7/batik-transcoder-1.7.jar:/Users/jeremyt/.m2/repository/org/apache/xmlgraphics/batik-svggen/1.7/batik-svggen-1.7.jar:/Users/jeremyt/.m2/repository/org/apache/xmlgraphics/batik-extension/1.7/batik-extension-1.7.jar:/Users/jeremyt/.m2/repository/org/apache/avalon/framework/avalon-framework-api/4.3.1/avalon-framework-api-4.3.1.jar:/Users/jeremyt/.m2/repository/org/apache/avalon/framework/avalon-framework-impl/4.3.1/avalon-framework-impl-4.3.1.jar:/Users/jeremyt/.m2/repository/batik/batik-rasterizer/1.6/batik-rasterizer-1.6.jar:/Users/jeremyt/.m2/repository/org/apache/xmlgraphics/batik-codec/1.7/batik-codec-1.7.jar:/Users/jeremyt/.m2/repository/com/yahoo/platform/yui/yuicompressor/2.2.5/yuicompressor-2.2.5.jar:/Users/jeremyt/.m2/repository/joda-time/joda-time/1.6/joda-time-1.6.jar:/Users/jeremyt/.m2/repository/rome/rome/1.0/rome-1.0.jar:/Users/jeremyt/.m2/repository/rome/rome-fetcher/1.0/rome-fetcher-1.0.jar:/Users/jeremyt/.m2/repository/ical4j/ical4j/0.9.20/ical4j-0.9.20.jar:/Users/jeremyt/.m2/repository/picocontainer/picocontainer/1.2/picocontainer-1.2.jar:/Users/jeremyt/.m2/repository/org/apache/axis/axis/1.4/axis-1.4.jar:/Users/jeremyt/.m2/repository/org/apache/poi/poi/3.0-FINAL/poi-3.0-FINAL.jar:/Users/jeremyt/.m2/repository/org/codehaus/groovy/groovy-all/1.7.2/groovy-all-1.7.2.jar:/Users/jeremyt/.m2/repository/org/xwiki/platform/xwiki-core-configuration-default/2.3/xwiki-core-configuration-default-2.3.jar:/Users/jeremyt/.m2/repository/org/xwiki/platform/xwiki-core-configuration-api/2.3/xwiki-core-configuration-api-2.3.jar:/Users/jeremyt/.m2/repository/org/xwiki/platform/xwiki-core-component-api/2.3/xwiki-core-component-api-2.3.jar:/Users/jeremyt/.m2/repository/org/xwiki/platform/xwiki-core-container-api/2.3/xwiki-core-container-api-2.3.jar:/Users/jeremyt/.m2/repository/org/xwiki/platform/xwiki-core-url-api/2.3/xwiki-core-url-api-2.3.jar:/Users/jeremyt/.m2/repository/org/xwiki/platform/xwiki-core-model/2.3/xwiki-core-model-2.3.jar:/Users/jeremyt/.m2/repository/org/xwiki/platform/xwiki-core-context/2.3/xwiki-core-context-2.3.jar:/Users/jeremyt/.m2/repository/org/xwiki/platform/xwiki-core-script/2.3/xwiki-core-script-2.3.jar:/Users/jeremyt/.m2/repository/org/livetribe/livetribe-jsr223/2.0.6/livetribe-jsr223-2.0.6.jar:/Users/jeremyt/.m2/repository/org/xwiki/platform/xwiki-core-component-default/2.3/xwiki-core-component-default-2.3.jar:/Users/jeremyt/.m2/repository/org/xwiki/platform/xwiki-core-observation-local/2.3/xwiki-core-observation-local-2.3.jar:/Users/jeremyt/.m2/repository/org/xwiki/platform/xwiki-core-bridge/2.3/xwiki-core-bridge-2.3.jar:/Users/jeremyt/.m2/repository/org/xwiki/platform/xwiki-core-properties/2.3/xwiki-core-properties-2.3.jar:/Users/jeremyt/.m2/repository/org/hibernate/hibernate-validator/4.0.0.GA/hibernate-validator-4.0.0.GA.jar:/Users/jeremyt/.m2/repository/javax/validation/validation-api/1.0.0.GA/validation-api-1.0.0.GA.jar:/Users/jeremyt/.m2/repository/org/slf4j/slf4j-api/1.5.6/slf4j-api-1.5.6.jar:/Users/jeremyt/.m2/repository/com/sun/xml/bind/jaxb-impl/2.2/jaxb-impl-2.2.jar:/Users/jeremyt/.m2/repository/commons-configuration/commons-configuration/1.6/commons-configuration-1.6.jar:/Users/jeremyt/.m2/repository/org/xwiki/platform/xwiki-core-observation-remote/2.3/xwiki-core-observation-remote-2.3.jar:/Users/jeremyt/.m2/repository/jgroups/jgroups/2.7.0.GA/jgroups-2.7.0.GA.jar:/Users/jeremyt/.m2/repository/org/xwiki/platform/xwiki-core-velocity/2.3/xwiki-core-velocity-2.3.jar:/Users/jeremyt/.m2/repository/org/xwiki/platform/xwiki-core-container-servlet/2.3/xwiki-core-container-servlet-2.3.jar:/Users/jeremyt/.m2/repository/org/xwiki/platform/xwiki-core-action/2.3/xwiki-core-action-2.3.jar:/Users/jeremyt/.m2/repository/org/xwiki/platform/xwiki-core-url-default/2.3/xwiki-core-url-default-2.3.jar:/Users/jeremyt/.m2/repository/org/apache/velocity/velocity/1.6.2/velocity-1.6.2.jar:/Users/jeremyt/.m2/repository/velocity-tools/velocity-tools/1.4/velocity-tools-1.4.jar:/Users/jeremyt/.m2/repository/org/xwiki/platform/xwiki-core-container-portlet/2.3/xwiki-core-container-portlet-2.3.jar:/Users/jeremyt/.m2/repository/org/xwiki/platform/xwiki-core-xmlrpc-model/2.3/xwiki-core-xmlrpc-model-2.3.jar:/Users/jeremyt/.m2/repository/org/apache/xmlrpc/xmlrpc-client/3.1/xmlrpc-client-3.1.jar:/Users/jeremyt/.m2/repository/org/xwiki/platform/xwiki-core-rendering-api/2.3/xwiki-core-rendering-api-2.3.jar:/Users/jeremyt/.m2/repository/org/xwiki/platform/xwiki-core-xml/2.3/xwiki-core-xml-2.3.jar:/Users/jeremyt/.m2/repository/net/sourceforge/htmlcleaner/htmlcleaner/2.1/htmlcleaner-2.1.jar:/Users/jeremyt/.m2/repository/org/jdom/jdom/1.1/jdom-1.1.jar:/Users/jeremyt/.m2/repository/org/xwiki/platform/xwiki-core-rendering-xwiki/2.3/xwiki-core-rendering-xwiki-2.3.jar:/Users/jeremyt/.m2/repository/org/xwiki/platform/xwiki-core-chart-renderer/2.3/xwiki-core-chart-renderer-2.3.jar:/Users/jeremyt/.m2/repository/org/xwiki/platform/xwiki-core-rendering-macro-box/2.3/xwiki-core-rendering-macro-box-2.3.jar:/Users/jeremyt/.m2/repository/org/xwiki/platform/xwiki-core-rendering-macro-chart/2.3/xwiki-core-rendering-macro-chart-2.3.jar:/Users/jeremyt/.m2/repository/org/xwiki/platform/xwiki-core-rendering-macro-include/2.3/xwiki-core-rendering-macro-include-2.3.jar:/Users/jeremyt/.m2/repository/org/xwiki/platform/xwiki-core-rendering-macro-code/2.3/xwiki-core-rendering-macro-code-2.3.jar:/Users/jeremyt/.m2/repository/org/python/jython-standalone/2.5.1-xwiki/jython-standalone-2.5.1-xwiki.jar:/Users/jeremyt/.m2/repository/pygments/pygments/1.3.1-xwiki/pygments-1.3.1-xwiki.jar:/Users/jeremyt/.m2/repository/org/xwiki/platform/xwiki-core-rendering-macro-footnotes/2.3/xwiki-core-rendering-macro-footnotes-2.3.jar:/Users/jeremyt/.m2/repository/org/xwiki/platform/xwiki-core-rendering-macro-formula/2.3/xwiki-core-rendering-macro-formula-2.3.jar:/Users/jeremyt/.m2/repository/org/xwiki/platform/xwiki-core-formula-renderer/2.3/xwiki-core-formula-renderer-2.3.jar:/Users/jeremyt/.m2/repository/org/xwiki/platform/xwiki-core-cache-api/2.3/xwiki-core-cache-api-2.3.jar:/Users/jeremyt/.m2/repository/uk/ac/ed/ph/snuggletex/snuggletex-core/1.1.0/snuggletex-core-1.1.0.jar:/Users/jeremyt/.m2/repository/uk/ac/ed/ph/snuggletex/snuggletex-jeuclid/1.1.0/snuggletex-jeuclid-1.1.0.jar:/Users/jeremyt/.m2/repository/net/sourceforge/jeuclid/jeuclid-core/3.1.5/jeuclid-core-3.1.5.jar:/Users/jeremyt/.m2/repository/org/xwiki/platform/xwiki-core-rendering-macro-groovy/2.3/xwiki-core-rendering-macro-groovy-2.3.jar:/Users/jeremyt/.m2/repository/org/xwiki/platform/xwiki-core-rendering-macro-script/2.3/xwiki-core-rendering-macro-script-2.3.jar:/Users/jeremyt/.m2/repository/org/xwiki/platform/xwiki-core-classloader/2.3/xwiki-core-classloader-2.3.jar:/Users/jeremyt/.m2/repository/edu/emory/mathcs/util/emory-util-classloader/2.1/emory-util-classloader-2.1.jar:/Users/jeremyt/.m2/repository/edu/emory/mathcs/util/emory-util-io/2.1/emory-util-io-2.1.jar:/Users/jeremyt/.m2/repository/edu/emory/mathcs/util/emory-util-security/2.1/emory-util-security-2.1.jar:/Users/jeremyt/.m2/repository/org/xwiki/platform/xwiki-core-rendering-macro-python/2.3/xwiki-core-rendering-macro-python-2.3.jar:/Users/jeremyt/.m2/repository/org/xwiki/platform/xwiki-core-rendering-macro-html/2.3/xwiki-core-rendering-macro-html-2.3.jar:/Users/jeremyt/.m2/repository/org/xwiki/platform/xwiki-core-rendering-macro-id/2.3/xwiki-core-rendering-macro-id-2.3.jar:/Users/jeremyt/.m2/repository/org/xwiki/platform/xwiki-core-rendering-macro-message/2.3/xwiki-core-rendering-macro-message-2.3.jar:/Users/jeremyt/.m2/repository/org/xwiki/platform/xwiki-core-rendering-macro-rss/2.3/xwiki-core-rendering-macro-rss-2.3.jar:/Users/jeremyt/.m2/repository/org/xwiki/platform/xwiki-core-rendering-macro-toc/2.3/xwiki-core-rendering-macro-toc-2.3.jar:/Users/jeremyt/.m2/repository/org/xwiki/platform/xwiki-core-rendering-macro-useravatar/2.3/xwiki-core-rendering-macro-useravatar-2.3.jar:/Users/jeremyt/.m2/repository/org/xwiki/platform/xwiki-core-rendering-macro-velocity/2.3/xwiki-core-rendering-macro-velocity-2.3.jar:/Users/jeremyt/.m2/repository/org/xwiki/platform/xwiki-core-rendering-macro-wikibridge/2.3/xwiki-core-rendering-macro-wikibridge-2.3.jar:/Users/jeremyt/.m2/repository/org/xwiki/platform/xwiki-core-rendering-syntax-doxia/2.3/xwiki-core-rendering-syntax-doxia-2.3.jar:/Users/jeremyt/.m2/repository/org/apache/maven/doxia/doxia-module-twiki/1.1.1/doxia-module-twiki-1.1.1.jar:/Users/jeremyt/.m2/repository/org/apache/maven/doxia/doxia-core/1.1.1/doxia-core-1.1.1.jar:/Users/jeremyt/.m2/repository/org/apache/maven/doxia/doxia-sink-api/1.1.1/doxia-sink-api-1.1.1.jar:/Users/jeremyt/.m2/repository/org/apache/maven/doxia/doxia-logging-api/1.1.1/doxia-logging-api-1.1.1.jar:/Users/jeremyt/.m2/repository/org/codehaus/plexus/plexus-container-default/1.0-alpha-30/plexus-container-default-1.0-alpha-30.jar:/Users/jeremyt/.m2/repository/org/codehaus/plexus/plexus-utils/1.5.15/plexus-utils-1.5.15.jar:/Users/jeremyt/.m2/repository/org/codehaus/plexus/plexus-classworlds/1.2-alpha-9/plexus-classworlds-1.2-alpha-9.jar:/Users/jeremyt/.m2/repository/org/xwiki/platform/xwiki-core-rendering-syntax-wikimodel/2.3/xwiki-core-rendering-syntax-wikimodel-2.3.jar:/Users/jeremyt/.m2/repository/org/wikimodel/org.wikimodel.wem/2.0.7-20100409/org.wikimodel.wem-2.0.7-20100409.jar:/Users/jeremyt/.m2/repository/net/java/dev/javacc/javacc/5.0/javacc-5.0.jar:/Users/jeremyt/.m2/repository/org/xwiki/platform/xwiki-core-rendering-syntax-xwiki10/2.3/xwiki-core-rendering-syntax-xwiki10-2.3.jar:/Users/jeremyt/.m2/repository/org/xwiki/platform/xwiki-core-cache-jbosscache/2.3/xwiki-core-cache-jbosscache-2.3.jar:/Users/jeremyt/.m2/repository/org/jboss/cache/jbosscache-core/3.2.1.GA/jbosscache-core-3.2.1.GA.jar:/Users/jeremyt/.m2/repository/org/jboss/javaee/jboss-transaction-api/1.0.1.GA/jboss-transaction-api-1.0.1.GA.jar:/Users/jeremyt/.m2/repository/org/jboss/jboss-common-core/2.2.14.GA/jboss-common-core-2.2.14.GA.jar:/Users/jeremyt/.m2/repository/org/jboss/logging/jboss-logging-spi/2.0.5.GA/jboss-logging-spi-2.0.5.GA.jar:/Users/jeremyt/.m2/repository/org/xwiki/platform/xwiki-core-cache-oscache/2.3/xwiki-core-cache-oscache-2.3.jar:/Users/jeremyt/.m2/repository/opensymphony/oscache/2.4/oscache-2.4.jar:/Users/jeremyt/.m2/repository/javax/servlet/servlet-api/2.3/servlet-api-2.3.jar:/Users/jeremyt/.m2/repository/org/xwiki/platform/xwiki-core-query-manager/2.3/xwiki-core-query-manager-2.3.jar:/Users/jeremyt/.m2/repository/org/xwiki/platform/xwiki-core-officeimporter/2.3/xwiki-core-officeimporter-2.3.jar:/Users/jeremyt/.m2/repository/org/xwiki/platform/xwiki-core-refactoring/2.3/xwiki-core-refactoring-2.3.jar:/Users/jeremyt/.m2/repository/net/sf/jodconverter/jodconverter/3.0-beta-2/jodconverter-3.0-beta-2.jar:/Users/jeremyt/.m2/repository/org/openoffice/juh/3.0.1/juh-3.0.1.jar:/Users/jeremyt/.m2/repository/org/openoffice/jurt/3.0.1/jurt-3.0.1.jar:/Users/jeremyt/.m2/repository/org/openoffice/ridl/3.0.1/ridl-3.0.1.jar:/Users/jeremyt/.m2/repository/org/openoffice/unoil/3.0.1/unoil-3.0.1.jar:/Users/jeremyt/.m2/repository/org/xwiki/platform/xwiki-core-component-multi/2.3/xwiki-core-component-multi-2.3.jar:/Users/jeremyt/.m2/repository/org/xwiki/platform/xwiki-core-query-xwql/2.3/xwiki-core-query-xwql-2.3.jar:/Users/jeremyt/.m2/repository/org/xwiki/platform/xwiki-core-query-jpql-parser/2.3/xwiki-core-query-jpql-parser-2.3.jar:/Users/jeremyt/.m2/repository/aspectj/aspectjrt/1.5.2a/aspectjrt-1.5.2a.jar:/Users/jeremyt/.m2/repository/javax/xml/stream/stax-api/1.0-2/stax-api-1.0-2.jar:/Users/jeremyt/.m2/repository/net/java/dev/jaxb2-commons/jaxb-fluent-api/2.1.8/jaxb-fluent-api-2.1.8.jar:/Users/jeremyt/.m2/repository/com/sun/xml/bind/jaxb-xjc/2.1.8/jaxb-xjc-2.1.8.jar:"/>
    <property name="java.specification.name" value="Java Platform API Specification"/>
    <property name="java.class.version" value="50.0"/>
    <property name="sun.management.compiler" value="HotSpot 64-Bit Server Compiler"/>
    <property name="os.version" value="10.6.3"/>
    <property name="http.nonProxyHosts" value="local|*.local|169.254/16|*.169.254/16"/>
    <property name="user.home" value="/Users/jeremyt"/>
    <property name="user.timezone" value="Europe/Oslo"/>
    <property name="java.awt.printerjob" value="apple.awt.CPrinterJob"/>
    <property name="java.specification.version" value="1.6"/>
    <property name="file.encoding" value="MacRoman"/>
    <property name="user.name" value="jeremyt"/>
    <property name="java.class.path" value="/Users/jeremyt/projects/durham/ime-snomobile/target/test-classes:/Users/jeremyt/projects/durham/ime-snomobile/target/classes:/Users/jeremyt/.m2/repository/junit/junit/4.8.1/junit-4.8.1.jar:/Users/jeremyt/.m2/repository/log4j/log4j/1.2.16/log4j-1.2.16.jar:/Users/jeremyt/.m2/repository/com/xpn/xwiki/platform/xwiki-rest/2.3/xwiki-rest-2.3.jar:/Users/jeremyt/.m2/repository/org/restlet/org.restlet/1.1.4/org.restlet-1.1.4.jar:/Users/jeremyt/.m2/repository/org/restlet/org.restlet.ext.jaxrs/1.1.4/org.restlet.ext.jaxrs-1.1.4.jar:/Users/jeremyt/.m2/repository/javax/ws/rs/javax.ws.rs/1.0/javax.ws.rs-1.0.jar:/Users/jeremyt/.m2/repository/javax/activation/activation/1.1/activation-1.1.jar:/Users/jeremyt/.m2/repository/javax/xml/bind/jaxb-api/2.2/jaxb-api-2.2.jar:/Users/jeremyt/.m2/repository/org/json/org.json/2.0/org.json-2.0.jar:/Users/jeremyt/.m2/repository/javax/mail/mail/1.4/mail-1.4.jar:/Users/jeremyt/.m2/repository/commons-fileupload/commons-fileupload/1.2/commons-fileupload-1.2.jar:/Users/jeremyt/.m2/repository/com/noelios/restlet/com.noelios.restlet.ext.servlet/1.1.4/com.noelios.restlet.ext.servlet-1.1.4.jar:/Users/jeremyt/.m2/repository/com/noelios/restlet/com.noelios.restlet/1.1.4/com.noelios.restlet-1.1.4.jar:/Users/jeremyt/.m2/repository/com/xpn/xwiki/platform/xwiki-core/2.3/xwiki-core-2.3.jar:/Users/jeremyt/.m2/repository/exo-platform/exo-platform.container/2.0/exo-platform.container-2.0.jar:/Users/jeremyt/.m2/repository/exo-platform/exo-platform.commons/2.0/exo-platform.commons-2.0.jar:/Users/jeremyt/.m2/repository/exo-platform/exo-platform.service.organization.api/2.0/exo-platform.service.organization.api-2.0.jar:/Users/jeremyt/.m2/repository/exo-platform/exo-platform.service.security.api/2.0/exo-platform.service.security.api-2.0.jar:/Users/jeremyt/.m2/repository/exo-platform/exo-platform.service.database.api/2.0/exo-platform.service.database.api-2.0.jar:/Users/jeremyt/.m2/repository/org/suigeneris/jrcs.diff/0.4.2/jrcs.diff-0.4.2.jar:/Users/jeremyt/.m2/repository/org/suigeneris/jrcs.rcs/0.4.2/jrcs.rcs-0.4.2.jar:/Users/jeremyt/.m2/repository/org/apache/jackrabbit/jackrabbit-core/1.1-xwiki/jackrabbit-core-1.1-xwiki.jar:/Users/jeremyt/.m2/repository/com/google/googleapi/UNKNOWN/googleapi-UNKNOWN-xwiki.jar:/Users/jeremyt/.m2/repository/org/apache/portals/graffito-jcr-mapping/1.0-a1-amelentev-dev/graffito-jcr-mapping-1.0-a1-amelentev-dev.jar:/Users/jeremyt/.m2/repository/javax/transaction/jta/1.0.1B/jta-1.0.1B.jar:/Users/jeremyt/.m2/repository/flickrj/flickrapi/1.0a7/flickrapi-1.0a7.jar:/Users/jeremyt/.m2/repository/com/novell/ldap/jldap/4.3/jldap-4.3.jar:/Users/jeremyt/.m2/repository/jfree/jfreechart/1.0.0-rc1-xwiki/jfreechart-1.0.0-rc1-xwiki.jar:/Users/jeremyt/.m2/repository/jfree/jcommon/1.0.5/jcommon-1.0.5.jar:/Users/jeremyt/.m2/repository/javax/jcr/jcr/1.0/jcr-1.0.jar:/Users/jeremyt/.m2/repository/info/informatica/css4j/0.4.0/css4j-0.4.0.jar:/Users/jeremyt/.m2/repository/info/informatica/jclf/2.3.0/jclf-2.3.0.jar:/Users/jeremyt/.m2/repository/jtidy/jtidy/8.0-20060801.131059-3-dev/jtidy-8.0-20060801.131059-3-dev.jar:/Users/jeremyt/.m2/repository/org/codehaus/swizzle/swizzle-confluence/1.2-20080419/swizzle-confluence-1.2-20080419-xwiki.jar:/Users/jeremyt/.m2/repository/commons-logging/commons-logging/1.0.4/commons-logging-1.0.4.jar:/Users/jeremyt/.m2/repository/commons-lang/commons-lang/2.4/commons-lang-2.4.jar:/Users/jeremyt/.m2/repository/commons-collections/commons-collections/3.2.1/commons-collections-3.2.1.jar:/Users/jeremyt/.m2/repository/commons-io/commons-io/1.4/commons-io-1.4.jar:/Users/jeremyt/.m2/repository/commons-net/commons-net/1.4.1/commons-net-1.4.1.jar:/Users/jeremyt/.m2/repository/oro/oro/2.0.8/oro-2.0.8.jar:/Users/jeremyt/.m2/repository/commons-httpclient/commons-httpclient/3.1/commons-httpclient-3.1.jar:/Users/jeremyt/.m2/repository/commons-codec/commons-codec/1.2/commons-codec-1.2.jar:/Users/jeremyt/.m2/repository/commons-dbcp/commons-dbcp/1.2.1/commons-dbcp-1.2.1.jar:/Users/jeremyt/.m2/repository/commons-pool/commons-pool/1.2/commons-pool-1.2.jar:/Users/jeremyt/.m2/repository/xml-apis/xml-apis/1.3.04/xml-apis-1.3.04.jar:/Users/jeremyt/.m2/repository/xerces/xercesImpl/2.8.1/xercesImpl-2.8.1.jar:/Users/jeremyt/.m2/repository/commons-beanutils/commons-beanutils/1.8.0/commons-beanutils-1.8.0.jar:/Users/jeremyt/.m2/repository/portlet-api/portlet-api/1.0/portlet-api-1.0.jar:/Users/jeremyt/.m2/repository/struts/struts/1.2.9/struts-1.2.9.jar:/Users/jeremyt/.m2/repository/commons-digester/commons-digester/1.6/commons-digester-1.6.jar:/Users/jeremyt/.m2/repository/commons-validator/commons-validator/1.1.4/commons-validator-1.1.4.jar:/Users/jeremyt/.m2/repository/xalan/xalan/2.5.1/xalan-2.5.1.jar:/Users/jeremyt/.m2/repository/radeox/radeox/1.0-b2/radeox-1.0-b2.jar:/Users/jeremyt/.m2/repository/org/hibernate/hibernate/3.2.6.ga/hibernate-3.2.6.ga.jar:/Users/jeremyt/.m2/repository/net/sf/ehcache/ehcache/1.2.3/ehcache-1.2.3.jar:/Users/jeremyt/.m2/repository/asm/asm-attrs/1.5.3/asm-attrs-1.5.3.jar:/Users/jeremyt/.m2/repository/dom4j/dom4j/1.6.1/dom4j-1.6.1.jar:/Users/jeremyt/.m2/repository/antlr/antlr/2.7.6/antlr-2.7.6.jar:/Users/jeremyt/.m2/repository/cglib/cglib/2.1_3/cglib-2.1_3.jar:/Users/jeremyt/.m2/repository/asm/asm/1.5.3/asm-1.5.3.jar:/Users/jeremyt/.m2/repository/securityfilter/securityfilter/2.0/securityfilter-2.0.jar:/Users/jeremyt/.m2/repository/xml-apis/xmlParserAPIs/2.0.2/xmlParserAPIs-2.0.2.jar:/Users/jeremyt/.m2/repository/xpp3/xpp3/1.1.3.4-RC8/xpp3-1.1.3.4-RC8.jar:/Users/jeremyt/.m2/repository/ecs/ecs/1.4.2/ecs-1.4.2.jar:/Users/jeremyt/.m2/repository/javax/xml/jaxrpc-api/1.1/jaxrpc-api-1.1.jar:/Users/jeremyt/.m2/repository/javax/xml/soap/saaj-api/1.3/saaj-api-1.3.jar:/Users/jeremyt/.m2/repository/net/sf/json-lib/json-lib/2.3/json-lib-2.3-jdk15.jar:/Users/jeremyt/.m2/repository/net/sf/ezmorph/ezmorph/1.0.6/ezmorph-1.0.6.jar:/Users/jeremyt/.m2/repository/org/apache/xmlrpc/xmlrpc-common/3.1/xmlrpc-common-3.1.jar:/Users/jeremyt/.m2/repository/org/apache/ws/commons/util/ws-commons-util/1.0.2/ws-commons-util-1.0.2.jar:/Users/jeremyt/.m2/repository/org/apache/xmlrpc/xmlrpc-server/3.1/xmlrpc-server-3.1.jar:/Users/jeremyt/.m2/repository/org/apache/xmlgraphics/fop/0.96-20090504-xwiki/fop-0.96-20090504-xwiki.jar:/Users/jeremyt/.m2/repository/org/apache/xmlgraphics/xmlgraphics-commons/1.4-20090504-xwiki/xmlgraphics-commons-1.4-20090504-xwiki.jar:/Users/jeremyt/.m2/repository/org/apache/xmlgraphics/batik-svg-dom/1.7/batik-svg-dom-1.7.jar:/Users/jeremyt/.m2/repository/org/apache/xmlgraphics/batik-anim/1.7/batik-anim-1.7.jar:/Users/jeremyt/.m2/repository/org/apache/xmlgraphics/batik-awt-util/1.7/batik-awt-util-1.7.jar:/Users/jeremyt/.m2/repository/org/apache/xmlgraphics/batik-util/1.7/batik-util-1.7.jar:/Users/jeremyt/.m2/repository/org/apache/xmlgraphics/batik-dom/1.7/batik-dom-1.7.jar:/Users/jeremyt/.m2/repository/org/apache/xmlgraphics/batik-css/1.7/batik-css-1.7.jar:/Users/jeremyt/.m2/repository/org/apache/xmlgraphics/batik-ext/1.7/batik-ext-1.7.jar:/Users/jeremyt/.m2/repository/xml-apis/xml-apis-ext/1.3.04/xml-apis-ext-1.3.04.jar:/Users/jeremyt/.m2/repository/org/apache/xmlgraphics/batik-xml/1.7/batik-xml-1.7.jar:/Users/jeremyt/.m2/repository/org/apache/xmlgraphics/batik-parser/1.7/batik-parser-1.7.jar:/Users/jeremyt/.m2/repository/org/apache/xmlgraphics/batik-bridge/1.7/batik-bridge-1.7.jar:/Users/jeremyt/.m2/repository/org/apache/xmlgraphics/batik-gvt/1.7/batik-gvt-1.7.jar:/Users/jeremyt/.m2/repository/org/apache/xmlgraphics/batik-script/1.7/batik-script-1.7.jar:/Users/jeremyt/.m2/repository/org/apache/xmlgraphics/batik-transcoder/1.7/batik-transcoder-1.7.jar:/Users/jeremyt/.m2/repository/org/apache/xmlgraphics/batik-svggen/1.7/batik-svggen-1.7.jar:/Users/jeremyt/.m2/repository/org/apache/xmlgraphics/batik-extension/1.7/batik-extension-1.7.jar:/Users/jeremyt/.m2/repository/org/apache/avalon/framework/avalon-framework-api/4.3.1/avalon-framework-api-4.3.1.jar:/Users/jeremyt/.m2/repository/org/apache/avalon/framework/avalon-framework-impl/4.3.1/avalon-framework-impl-4.3.1.jar:/Users/jeremyt/.m2/repository/batik/batik-rasterizer/1.6/batik-rasterizer-1.6.jar:/Users/jeremyt/.m2/repository/org/apache/xmlgraphics/batik-codec/1.7/batik-codec-1.7.jar:/Users/jeremyt/.m2/repository/com/yahoo/platform/yui/yuicompressor/2.2.5/yuicompressor-2.2.5.jar:/Users/jeremyt/.m2/repository/joda-time/joda-time/1.6/joda-time-1.6.jar:/Users/jeremyt/.m2/repository/rome/rome/1.0/rome-1.0.jar:/Users/jeremyt/.m2/repository/rome/rome-fetcher/1.0/rome-fetcher-1.0.jar:/Users/jeremyt/.m2/repository/ical4j/ical4j/0.9.20/ical4j-0.9.20.jar:/Users/jeremyt/.m2/repository/picocontainer/picocontainer/1.2/picocontainer-1.2.jar:/Users/jeremyt/.m2/repository/org/apache/axis/axis/1.4/axis-1.4.jar:/Users/jeremyt/.m2/repository/org/apache/poi/poi/3.0-FINAL/poi-3.0-FINAL.jar:/Users/jeremyt/.m2/repository/org/codehaus/groovy/groovy-all/1.7.2/groovy-all-1.7.2.jar:/Users/jeremyt/.m2/repository/org/xwiki/platform/xwiki-core-configuration-default/2.3/xwiki-core-configuration-default-2.3.jar:/Users/jeremyt/.m2/repository/org/xwiki/platform/xwiki-core-configuration-api/2.3/xwiki-core-configuration-api-2.3.jar:/Users/jeremyt/.m2/repository/org/xwiki/platform/xwiki-core-component-api/2.3/xwiki-core-component-api-2.3.jar:/Users/jeremyt/.m2/repository/org/xwiki/platform/xwiki-core-container-api/2.3/xwiki-core-container-api-2.3.jar:/Users/jeremyt/.m2/repository/org/xwiki/platform/xwiki-core-url-api/2.3/xwiki-core-url-api-2.3.jar:/Users/jeremyt/.m2/repository/org/xwiki/platform/xwiki-core-model/2.3/xwiki-core-model-2.3.jar:/Users/jeremyt/.m2/repository/org/xwiki/platform/xwiki-core-context/2.3/xwiki-core-context-2.3.jar:/Users/jeremyt/.m2/repository/org/xwiki/platform/xwiki-core-script/2.3/xwiki-core-script-2.3.jar:/Users/jeremyt/.m2/repository/org/livetribe/livetribe-jsr223/2.0.6/livetribe-jsr223-2.0.6.jar:/Users/jeremyt/.m2/repository/org/xwiki/platform/xwiki-core-component-default/2.3/xwiki-core-component-default-2.3.jar:/Users/jeremyt/.m2/repository/org/xwiki/platform/xwiki-core-observation-local/2.3/xwiki-core-observation-local-2.3.jar:/Users/jeremyt/.m2/repository/org/xwiki/platform/xwiki-core-bridge/2.3/xwiki-core-bridge-2.3.jar:/Users/jeremyt/.m2/repository/org/xwiki/platform/xwiki-core-properties/2.3/xwiki-core-properties-2.3.jar:/Users/jeremyt/.m2/repository/org/hibernate/hibernate-validator/4.0.0.GA/hibernate-validator-4.0.0.GA.jar:/Users/jeremyt/.m2/repository/javax/validation/validation-api/1.0.0.GA/validation-api-1.0.0.GA.jar:/Users/jeremyt/.m2/repository/org/slf4j/slf4j-api/1.5.6/slf4j-api-1.5.6.jar:/Users/jeremyt/.m2/repository/com/sun/xml/bind/jaxb-impl/2.2/jaxb-impl-2.2.jar:/Users/jeremyt/.m2/repository/commons-configuration/commons-configuration/1.6/commons-configuration-1.6.jar:/Users/jeremyt/.m2/repository/org/xwiki/platform/xwiki-core-observation-remote/2.3/xwiki-core-observation-remote-2.3.jar:/Users/jeremyt/.m2/repository/jgroups/jgroups/2.7.0.GA/jgroups-2.7.0.GA.jar:/Users/jeremyt/.m2/repository/org/xwiki/platform/xwiki-core-velocity/2.3/xwiki-core-velocity-2.3.jar:/Users/jeremyt/.m2/repository/org/xwiki/platform/xwiki-core-container-servlet/2.3/xwiki-core-container-servlet-2.3.jar:/Users/jeremyt/.m2/repository/org/xwiki/platform/xwiki-core-action/2.3/xwiki-core-action-2.3.jar:/Users/jeremyt/.m2/repository/org/xwiki/platform/xwiki-core-url-default/2.3/xwiki-core-url-default-2.3.jar:/Users/jeremyt/.m2/repository/org/apache/velocity/velocity/1.6.2/velocity-1.6.2.jar:/Users/jeremyt/.m2/repository/velocity-tools/velocity-tools/1.4/velocity-tools-1.4.jar:/Users/jeremyt/.m2/repository/org/xwiki/platform/xwiki-core-container-portlet/2.3/xwiki-core-container-portlet-2.3.jar:/Users/jeremyt/.m2/repository/org/xwiki/platform/xwiki-core-xmlrpc-model/2.3/xwiki-core-xmlrpc-model-2.3.jar:/Users/jeremyt/.m2/repository/org/apache/xmlrpc/xmlrpc-client/3.1/xmlrpc-client-3.1.jar:/Users/jeremyt/.m2/repository/org/xwiki/platform/xwiki-core-rendering-api/2.3/xwiki-core-rendering-api-2.3.jar:/Users/jeremyt/.m2/repository/org/xwiki/platform/xwiki-core-xml/2.3/xwiki-core-xml-2.3.jar:/Users/jeremyt/.m2/repository/net/sourceforge/htmlcleaner/htmlcleaner/2.1/htmlcleaner-2.1.jar:/Users/jeremyt/.m2/repository/org/jdom/jdom/1.1/jdom-1.1.jar:/Users/jeremyt/.m2/repository/org/xwiki/platform/xwiki-core-rendering-xwiki/2.3/xwiki-core-rendering-xwiki-2.3.jar:/Users/jeremyt/.m2/repository/org/xwiki/platform/xwiki-core-chart-renderer/2.3/xwiki-core-chart-renderer-2.3.jar:/Users/jeremyt/.m2/repository/org/xwiki/platform/xwiki-core-rendering-macro-box/2.3/xwiki-core-rendering-macro-box-2.3.jar:/Users/jeremyt/.m2/repository/org/xwiki/platform/xwiki-core-rendering-macro-chart/2.3/xwiki-core-rendering-macro-chart-2.3.jar:/Users/jeremyt/.m2/repository/org/xwiki/platform/xwiki-core-rendering-macro-include/2.3/xwiki-core-rendering-macro-include-2.3.jar:/Users/jeremyt/.m2/repository/org/xwiki/platform/xwiki-core-rendering-macro-code/2.3/xwiki-core-rendering-macro-code-2.3.jar:/Users/jeremyt/.m2/repository/org/python/jython-standalone/2.5.1-xwiki/jython-standalone-2.5.1-xwiki.jar:/Users/jeremyt/.m2/repository/pygments/pygments/1.3.1-xwiki/pygments-1.3.1-xwiki.jar:/Users/jeremyt/.m2/repository/org/xwiki/platform/xwiki-core-rendering-macro-footnotes/2.3/xwiki-core-rendering-macro-footnotes-2.3.jar:/Users/jeremyt/.m2/repository/org/xwiki/platform/xwiki-core-rendering-macro-formula/2.3/xwiki-core-rendering-macro-formula-2.3.jar:/Users/jeremyt/.m2/repository/org/xwiki/platform/xwiki-core-formula-renderer/2.3/xwiki-core-formula-renderer-2.3.jar:/Users/jeremyt/.m2/repository/org/xwiki/platform/xwiki-core-cache-api/2.3/xwiki-core-cache-api-2.3.jar:/Users/jeremyt/.m2/repository/uk/ac/ed/ph/snuggletex/snuggletex-core/1.1.0/snuggletex-core-1.1.0.jar:/Users/jeremyt/.m2/repository/uk/ac/ed/ph/snuggletex/snuggletex-jeuclid/1.1.0/snuggletex-jeuclid-1.1.0.jar:/Users/jeremyt/.m2/repository/net/sourceforge/jeuclid/jeuclid-core/3.1.5/jeuclid-core-3.1.5.jar:/Users/jeremyt/.m2/repository/org/xwiki/platform/xwiki-core-rendering-macro-groovy/2.3/xwiki-core-rendering-macro-groovy-2.3.jar:/Users/jeremyt/.m2/repository/org/xwiki/platform/xwiki-core-rendering-macro-script/2.3/xwiki-core-rendering-macro-script-2.3.jar:/Users/jeremyt/.m2/repository/org/xwiki/platform/xwiki-core-classloader/2.3/xwiki-core-classloader-2.3.jar:/Users/jeremyt/.m2/repository/edu/emory/mathcs/util/emory-util-classloader/2.1/emory-util-classloader-2.1.jar:/Users/jeremyt/.m2/repository/edu/emory/mathcs/util/emory-util-io/2.1/emory-util-io-2.1.jar:/Users/jeremyt/.m2/repository/edu/emory/mathcs/util/emory-util-security/2.1/emory-util-security-2.1.jar:/Users/jeremyt/.m2/repository/org/xwiki/platform/xwiki-core-rendering-macro-python/2.3/xwiki-core-rendering-macro-python-2.3.jar:/Users/jeremyt/.m2/repository/org/xwiki/platform/xwiki-core-rendering-macro-html/2.3/xwiki-core-rendering-macro-html-2.3.jar:/Users/jeremyt/.m2/repository/org/xwiki/platform/xwiki-core-rendering-macro-id/2.3/xwiki-core-rendering-macro-id-2.3.jar:/Users/jeremyt/.m2/repository/org/xwiki/platform/xwiki-core-rendering-macro-message/2.3/xwiki-core-rendering-macro-message-2.3.jar:/Users/jeremyt/.m2/repository/org/xwiki/platform/xwiki-core-rendering-macro-rss/2.3/xwiki-core-rendering-macro-rss-2.3.jar:/Users/jeremyt/.m2/repository/org/xwiki/platform/xwiki-core-rendering-macro-toc/2.3/xwiki-core-rendering-macro-toc-2.3.jar:/Users/jeremyt/.m2/repository/org/xwiki/platform/xwiki-core-rendering-macro-useravatar/2.3/xwiki-core-rendering-macro-useravatar-2.3.jar:/Users/jeremyt/.m2/repository/org/xwiki/platform/xwiki-core-rendering-macro-velocity/2.3/xwiki-core-rendering-macro-velocity-2.3.jar:/Users/jeremyt/.m2/repository/org/xwiki/platform/xwiki-core-rendering-macro-wikibridge/2.3/xwiki-core-rendering-macro-wikibridge-2.3.jar:/Users/jeremyt/.m2/repository/org/xwiki/platform/xwiki-core-rendering-syntax-doxia/2.3/xwiki-core-rendering-syntax-doxia-2.3.jar:/Users/jeremyt/.m2/repository/org/apache/maven/doxia/doxia-module-twiki/1.1.1/doxia-module-twiki-1.1.1.jar:/Users/jeremyt/.m2/repository/org/apache/maven/doxia/doxia-core/1.1.1/doxia-core-1.1.1.jar:/Users/jeremyt/.m2/repository/org/apache/maven/doxia/doxia-sink-api/1.1.1/doxia-sink-api-1.1.1.jar:/Users/jeremyt/.m2/repository/org/apache/maven/doxia/doxia-logging-api/1.1.1/doxia-logging-api-1.1.1.jar:/Users/jeremyt/.m2/repository/org/codehaus/plexus/plexus-container-default/1.0-alpha-30/plexus-container-default-1.0-alpha-30.jar:/Users/jeremyt/.m2/repository/org/codehaus/plexus/plexus-utils/1.5.15/plexus-utils-1.5.15.jar:/Users/jeremyt/.m2/repository/org/codehaus/plexus/plexus-classworlds/1.2-alpha-9/plexus-classworlds-1.2-alpha-9.jar:/Users/jeremyt/.m2/repository/org/xwiki/platform/xwiki-core-rendering-syntax-wikimodel/2.3/xwiki-core-rendering-syntax-wikimodel-2.3.jar:/Users/jeremyt/.m2/repository/org/wikimodel/org.wikimodel.wem/2.0.7-20100409/org.wikimodel.wem-2.0.7-20100409.jar:/Users/jeremyt/.m2/repository/net/java/dev/javacc/javacc/5.0/javacc-5.0.jar:/Users/jeremyt/.m2/repository/org/xwiki/platform/xwiki-core-rendering-syntax-xwiki10/2.3/xwiki-core-rendering-syntax-xwiki10-2.3.jar:/Users/jeremyt/.m2/repository/org/xwiki/platform/xwiki-core-cache-jbosscache/2.3/xwiki-core-cache-jbosscache-2.3.jar:/Users/jeremyt/.m2/repository/org/jboss/cache/jbosscache-core/3.2.1.GA/jbosscache-core-3.2.1.GA.jar:/Users/jeremyt/.m2/repository/org/jboss/javaee/jboss-transaction-api/1.0.1.GA/jboss-transaction-api-1.0.1.GA.jar:/Users/jeremyt/.m2/repository/org/jboss/jboss-common-core/2.2.14.GA/jboss-common-core-2.2.14.GA.jar:/Users/jeremyt/.m2/repository/org/jboss/logging/jboss-logging-spi/2.0.5.GA/jboss-logging-spi-2.0.5.GA.jar:/Users/jeremyt/.m2/repository/org/xwiki/platform/xwiki-core-cache-oscache/2.3/xwiki-core-cache-oscache-2.3.jar:/Users/jeremyt/.m2/repository/opensymphony/oscache/2.4/oscache-2.4.jar:/Users/jeremyt/.m2/repository/javax/servlet/servlet-api/2.3/servlet-api-2.3.jar:/Users/jeremyt/.m2/repository/org/xwiki/platform/xwiki-core-query-manager/2.3/xwiki-core-query-manager-2.3.jar:/Users/jeremyt/.m2/repository/org/xwiki/platform/xwiki-core-officeimporter/2.3/xwiki-core-officeimporter-2.3.jar:/Users/jeremyt/.m2/repository/org/xwiki/platform/xwiki-core-refactoring/2.3/xwiki-core-refactoring-2.3.jar:/Users/jeremyt/.m2/repository/net/sf/jodconverter/jodconverter/3.0-beta-2/jodconverter-3.0-beta-2.jar:/Users/jeremyt/.m2/repository/org/openoffice/juh/3.0.1/juh-3.0.1.jar:/Users/jeremyt/.m2/repository/org/openoffice/jurt/3.0.1/jurt-3.0.1.jar:/Users/jeremyt/.m2/repository/org/openoffice/ridl/3.0.1/ridl-3.0.1.jar:/Users/jeremyt/.m2/repository/org/openoffice/unoil/3.0.1/unoil-3.0.1.jar:/Users/jeremyt/.m2/repository/org/xwiki/platform/xwiki-core-component-multi/2.3/xwiki-core-component-multi-2.3.jar:/Users/jeremyt/.m2/repository/org/xwiki/platform/xwiki-core-query-xwql/2.3/xwiki-core-query-xwql-2.3.jar:/Users/jeremyt/.m2/repository/org/xwiki/platform/xwiki-core-query-jpql-parser/2.3/xwiki-core-query-jpql-parser-2.3.jar:/Users/jeremyt/.m2/repository/aspectj/aspectjrt/1.5.2a/aspectjrt-1.5.2a.jar:/Users/jeremyt/.m2/repository/javax/xml/stream/stax-api/1.0-2/stax-api-1.0-2.jar:/Users/jeremyt/.m2/repository/net/java/dev/jaxb2-commons/jaxb-fluent-api/2.1.8/jaxb-fluent-api-2.1.8.jar:/Users/jeremyt/.m2/repository/com/sun/xml/bind/jaxb-xjc/2.1.8/jaxb-xjc-2.1.8.jar:"/>
    <property name="java.vm.specification.version" value="1.0"/>
    <property name="sun.arch.data.model" value="64"/>
    <property name="java.home" value="/System/Library/Frameworks/JavaVM.framework/Versions/1.6.0/Home"/>
    <property name="java.specification.vendor" value="Sun Microsystems Inc."/>
    <property name="user.language" value="en"/>
    <property name="awt.toolkit" value="apple.awt.CToolkit"/>
    <property name="java.vm.info" value="mixed mode"/>
    <property name="java.version" value="1.6.0_20"/>
    <property name="java.ext.dirs" value="/Library/Java/Extensions:/System/Library/Java/Extensions:/System/Library/Frameworks/JavaVM.framework/Versions/1.6.0/Home/lib/ext"/>
    <property name="sun.boot.class.path" value="/System/Library/Frameworks/JavaVM.framework/Versions/1.6.0/Classes/jsfd.jar:/System/Library/Frameworks/JavaVM.framework/Versions/1.6.0/Classes/classes.jar:/System/Library/Frameworks/JavaVM.framework/Frameworks/JavaRuntimeSupport.framework/Resources/Java/JavaRuntimeSupport.jar:/System/Library/Frameworks/JavaVM.framework/Versions/1.6.0/Classes/ui.jar:/System/Library/Frameworks/JavaVM.framework/Versions/1.6.0/Classes/laf.jar:/System/Library/Frameworks/JavaVM.framework/Versions/1.6.0/Classes/sunrsasign.jar:/System/Library/Frameworks/JavaVM.framework/Versions/1.6.0/Classes/jsse.jar:/System/Library/Frameworks/JavaVM.framework/Versions/1.6.0/Classes/jce.jar:/System/Library/Frameworks/JavaVM.framework/Versions/1.6.0/Classes/charsets.jar"/>
    <property name="java.vendor" value="Apple Inc."/>
    <property name="localRepository" value="/Users/jeremyt/.m2/repository"/>
    <property name="file.separator" value="/"/>
    <property name="java.vendor.url.bug" value="http://bugreport.apple.com/"/>
    <property name="sun.cpu.endian" value="little"/>
    <property name="sun.io.unicode.encoding" value="UnicodeLittle"/>
    <property name="mrj.version" value="1060.1.6.0_20-279"/>
    <property name="socksNonProxyHosts" value="local|*.local|169.254/16|*.169.254/16"/>
    <property name="ftp.nonProxyHosts" value="local|*.local|169.254/16|*.169.254/16"/>
    <property name="sun.cpu.isalist" value=""/>
  </properties>
  <testcase time="0.103" classname="no.uio.intermedia.snomobile.XWikiRestFulServiceTest" name="propertyFileNullExceptionTest"/>
  <testcase time="4.769" classname="no.uio.intermedia.snomobile.XWikiRestFulServiceTest" name="test_returnPage"/>
  <testcase time="0.672" classname="no.uio.intermedia.snomobile.XWikiRestFulServiceTest" name="test_returnSpaces"/>
  <testcase time="0.505" classname="no.uio.intermedia.snomobile.XWikiRestFulServiceTest" name="test_returnCommentsForPage"/>
  <testcase time="2.055" classname="no.uio.intermedia.snomobile.XWikiRestFulServiceTest" name="test_returnAttachmentsForPage"/>
  <testcase time="0.558" classname="no.uio.intermedia.snomobile.XWikiRestFulServiceTest" name="test_returnTagsForPage"/>
</testsuite>